\BOOKMARK [1][-]{section.1}{Introduction}{}% 1
\BOOKMARK [1][-]{section.2}{First steps}{}% 2
\BOOKMARK [2][-]{subsection.2.1}{PhysicsEngine}{section.2}% 3
\BOOKMARK [2][-]{subsection.2.2}{PhysicsEngineModule}{section.2}% 4
\BOOKMARK [2][-]{subsection.2.3}{Basic physics engine setup}{section.2}% 5
\BOOKMARK [1][-]{section.3}{Collision detection}{}% 6
\BOOKMARK [2][-]{subsection.3.1}{Broad phase}{section.3}% 7
\BOOKMARK [2][-]{subsection.3.2}{Intermediate phase}{section.3}% 8
\BOOKMARK [2][-]{subsection.3.3}{Narrow phase}{section.3}% 9
\BOOKMARK [3][-]{subsubsection.3.3.1}{Collision Algorithms}{subsection.3.3}% 10
\BOOKMARK [2][-]{subsection.3.4}{Pipeline}{section.3}% 11
\BOOKMARK [1][-]{section.4}{Particle Engine}{}% 12
\BOOKMARK [2][-]{subsection.4.1}{Particle}{section.4}% 13
\BOOKMARK [2][-]{subsection.4.2}{ParticleWorld}{section.4}% 14
\BOOKMARK [2][-]{subsection.4.3}{ParticleForceRegistry}{section.4}% 15
\BOOKMARK [2][-]{subsection.4.4}{ParticleContactGeneratorRegistry}{section.4}% 16
\BOOKMARK [2][-]{subsection.4.5}{ParticleEngineCI}{section.4}% 17
\BOOKMARK [1][-]{section.5}{Rigid Body Engine}{}% 18
\BOOKMARK [2][-]{subsection.5.1}{RigidBody}{section.5}% 19
\BOOKMARK [2][-]{subsection.5.2}{RigidBodyWorld}{section.5}% 20
\BOOKMARK [2][-]{subsection.5.3}{ForceRegistry}{section.5}% 21
\BOOKMARK [2][-]{subsection.5.4}{RigidBodyCI}{section.5}% 22
\BOOKMARK [1][-]{section.6}{Collision resolution}{}% 23
\BOOKMARK [2][-]{subsection.6.1}{Collision Resolver}{section.6}% 24
\BOOKMARK [2][-]{subsection.6.2}{Filter}{section.6}% 25
